Found 110 cars (110 pending verification).
[CarVerification] Calibrating 110 unverified cars on the blank test track...
[CarVerification] (1/110) verifying 2017 Acura NSX ('17)...
[CarVerification] 2017 Acura NSX ('17) verified (Δ0-100: 1.95s, ΔVmax: 15.7 km/h).
[CarVerification] (2/110) verifying 2016 Alfa Romeo Giulia (Quadrifoglio '16)...
[CarVerification] 2016 Alfa Romeo Giulia (Quadrifoglio '16) verified (Δ0-100: 1.40s, ΔVmax: 14.3 km/h).
[CarVerification] (3/110) verifying 2018 Aston Martin Vantage ('18)...
[CarVerification] 2018 Aston Martin Vantage ('18) verified (Δ0-100: 1.44s, ΔVmax: 1.2 km/h).
[CarVerification] (4/110) verifying 2017 Audi RS 3...
[CarVerification] 2017 Audi RS 3 verified (Δ0-100: 2.52s, ΔVmax: 2.0 km/h).
[CarVerification] (5/110) verifying 2018 Audi TT RS ('18)...
[CarVerification] 2018 Audi TT RS ('18) verified (Δ0-100: 0.08s, ΔVmax: 3.1 km/h).
[CarVerification] (6/110) verifying 2018 BMW M3 CS...
[CarVerification] 2018 BMW M3 CS verified (Δ0-100: 1.80s, ΔVmax: 0.5 km/h).
[CarVerification] (7/110) verifying 2016 BMW X5 M...
[CarVerification] 2016 BMW X5 M verified (Δ0-100: 0.57s, ΔVmax: 18.4 km/h).
[CarVerification] (8/110) verifying 2002 BMW M3 GTR...
[CarVerification] 2002 BMW M3 GTR verified (Δ0-100: 1.71s, ΔVmax: 9.5 km/h).
[CarVerification] (9/110) verifying 2016 BMW M4 GTS...
[CarVerification] 2016 BMW M4 GTS verified (Δ0-100: 1.49s, ΔVmax: 12.2 km/h).
[CarVerification] (10/110) verifying 2020 BMW M2 Competition...
[CarVerification] 2020 BMW M2 Competition verified (Δ0-100: 2.02s, ΔVmax: 10.9 km/h).
[CarVerification] (11/110) verifying 2008 BMW M3...
[CarVerification] 2008 BMW M3 verified (Δ0-100: 1.82s, ΔVmax: 9.3 km/h).
[CarVerification] (12/110) verifying 2015 BMW M4 Convertible...
[CarVerification] 2015 BMW M4 Convertible verified (Δ0-100: 2.58s, ΔVmax: 8.3 km/h).
[CarVerification] (13/110) verifying 2011 2011 BMW M5...
[CarVerification] 2011 2011 BMW M5 verified (Δ0-100: 2.37s, ΔVmax: 11.0 km/h).
[CarVerification] (14/110) verifying 2000 2000 BMW Z8...
[CarVerification] 2000 2000 BMW Z8 verified (Δ0-100: 1.73s, ΔVmax: 7.6 km/h).
[CarVerification] (15/110) verifying 2020 BMW M8 Competition Coupe ('20)...
[CarVerification] 2020 BMW M8 Competition Coupe ('20) verified (Δ0-100: 0.77s, ΔVmax: 10.4 km/h).
[CarVerification] (16/110) verifying 2018 Bugatti Chiron...
[CarVerification] 2018 Bugatti Chiron verified (Δ0-100: 0.26s, ΔVmax: 29.0 km/h).
[CarVerification] (17/110) verifying 2020 Bugatti Divo...
[CarVerification] 2020 Bugatti Divo verified (Δ0-100: 0.38s, ΔVmax: 34.5 km/h).
[CarVerification] (18/110) verifying 1992 Bugatti EB110 Super Sport...
[CarVerification] 1992 Bugatti EB110 Super Sport verified (Δ0-100: 0.13s, ΔVmax: 89.9 km/h).
[CarVerification] (19/110) verifying 2011 Bugatti Veyron Super Sport...
[CarVerification] 2011 Bugatti Veyron Super Sport verified (Δ0-100: 0.37s, ΔVmax: 29.5 km/h).
[CarVerification] (20/110) verifying 1987 Buick GNX...
[CarVerification] 1987 Buick GNX verified (Δ0-100: 5.63s, ΔVmax: 4.4 km/h).
[CarVerification] (21/110) verifying 2016 Cadillac CTS-V Sedan ('16)...
[CarVerification] 2016 Cadillac CTS-V Sedan ('16) verified (Δ0-100: 1.54s, ΔVmax: 8.2 km/h).
[CarVerification] (22/110) verifying 2021 Can-Am Maverick X RS Turbo RR ('21)...
[CarVerification] 2021 Can-Am Maverick X RS Turbo RR ('21) verified (Δ0-100: 2.80s, ΔVmax: 1.7 km/h).
[CarVerification] (23/110) verifying 1971 Chevrolet Camaro Z/28 ('71)...
[CarVerification] 1971 Chevrolet Camaro Z/28 ('71) verified (Δ0-100: 0.15s, ΔVmax: 19.9 km/h).
[CarVerification] (24/110) verifying 1969 Chevrolet Camaro SS ('69)...
[CarVerification] 1969 Chevrolet Camaro SS ('69) verified (Δ0-100: 1.03s, ΔVmax: 0.2 km/h).
[CarVerification] (25/110) verifying 1963 Chevrolet Corvette Stingray Coupe ('63)...
[CarVerification] 1963 Chevrolet Corvette Stingray Coupe ('63) verified (Δ0-100: 0.48s, ΔVmax: 63.7 km/h).
[CarVerification] (26/110) verifying 1970 Chevrolet Corvette ZR1 ('70)...
[CarVerification] 1970 Chevrolet Corvette ZR1 ('70) verified (Δ0-100: 1.16s, ΔVmax: 54.3 km/h).
[CarVerification] (27/110) verifying 2017 Chevrolet Camaro ZL1 ('17)...
[CarVerification] 2017 Chevrolet Camaro ZL1 ('17) verified (Δ0-100: 1.34s, ΔVmax: 10.0 km/h).
[CarVerification] (28/110) verifying 2020 Chevrolet Corvette Stingray ('20)...
[CarVerification] 2020 Chevrolet Corvette Stingray ('20) verified (Δ0-100: 1.37s, ΔVmax: 53.7 km/h).
[CarVerification] (29/110) verifying 2015 Chevrolet Corvette Z06 ('15)...
[CarVerification] 2015 Chevrolet Corvette Z06 ('15) verified (Δ0-100: 1.65s, ΔVmax: 13.5 km/h).
[CarVerification] (30/110) verifying 2017 Chevrolet Corvette Grand Sport ('17)...
[CarVerification] 2017 Chevrolet Corvette Grand Sport ('17) verified (Δ0-100: 1.36s, ΔVmax: 1.9 km/h).
[CarVerification] (31/110) verifying 1985 Chevrolet Camaro IROC-Z ('85)...
[CarVerification] 1985 Chevrolet Camaro IROC-Z ('85) verified (Δ0-100: 2.97s, ΔVmax: 18.0 km/h).
[CarVerification] (32/110) verifying 2019 Chevrolet Corvette ZR1 ('19)...
[CarVerification] 2019 Chevrolet Corvette ZR1 ('19) verified (Δ0-100: 1.30s, ΔVmax: 21.1 km/h).
[CarVerification] (33/110) verifying 1970 Chevrolet Chevelle Super Sport 454 ('70)...
[CarVerification] 1970 Chevrolet Chevelle Super Sport 454 ('70) verified (Δ0-100: 2.51s, ΔVmax: 6.2 km/h).
[CarVerification] (34/110) verifying 2020 Chevrolet Corvette Stingray (C8 Z51)...
[CarVerification] 2020 Chevrolet Corvette Stingray (C8 Z51) verified (Δ0-100: 1.48s, ΔVmax: 2.0 km/h).
[CarVerification] (35/110) verifying 2018 Chevrolet Camaro ZL1 1LE ('18)...
[CarVerification] 2018 Chevrolet Camaro ZL1 1LE ('18) verified (Δ0-100: 1.03s, ΔVmax: 11.7 km/h).
[CarVerification] (36/110) verifying 1977 Datsun 280Z ('77)...
[CarVerification] 1977 Datsun 280Z ('77) verified (Δ0-100: 0.86s, ΔVmax: 34.8 km/h).
[CarVerification] (37/110) verifying 1969 Dodge Charger R/T ('69)...
[CarVerification] 1969 Dodge Charger R/T ('69) verified (Δ0-100: 1.54s, ΔVmax: 23.9 km/h).
[CarVerification] (38/110) verifying 2008 Dodge Viper SRT10 ACR ('08)...
[CarVerification] 2008 Dodge Viper SRT10 ACR ('08) verified (Δ0-100: 2.05s, ΔVmax: 0.1 km/h).
[CarVerification] (39/110) verifying 2013 Dodge SRT Viper GTS ('13)...
[CarVerification] 2013 Dodge SRT Viper GTS ('13) verified (Δ0-100: 1.34s, ΔVmax: 19.2 km/h).
[CarVerification] (40/110) verifying 1969 Dodge Charger Daytona HEMI ('69)...
[CarVerification] 1969 Dodge Charger Daytona HEMI ('69) verified (Δ0-100: 0.87s, ΔVmax: 122.9 km/h).
[CarVerification] (41/110) verifying 1970 Dodge Challenger R/T ('70)...
[CarVerification] 1970 Dodge Challenger R/T ('70) verified (Δ0-100: 1.05s, ΔVmax: 18.3 km/h).
[CarVerification] (42/110) verifying 2015 Dodge Challenger SRT Hellcat ('15)...
[CarVerification] 2015 Dodge Challenger SRT Hellcat ('15) verified (Δ0-100: 1.91s, ΔVmax: 5.5 km/h).
[CarVerification] (43/110) verifying 1996 Dodge Viper GTS ('96)...
[CarVerification] 1996 Dodge Viper GTS ('96) verified (Δ0-100: 2.21s, ΔVmax: 12.2 km/h).
[CarVerification] (44/110) verifying 2018 Dodge Durango SRT ('18)...
[CarVerification] 2018 Dodge Durango SRT ('18) verified (Δ0-100: 2.47s, ΔVmax: 6.4 km/h).
[CarVerification] (45/110) verifying 2013 Donkervoort D8 GTO ('13)...
[CarVerification] 2013 Donkervoort D8 GTO ('13) verified (Δ0-100: 1.00s, ΔVmax: 58.8 km/h).
[CarVerification] (46/110) verifying 2011 DS Automobiles DS 3 Racing ('11)...
[CarVerification] 2011 DS Automobiles DS 3 Racing ('11) verified (Δ0-100: 0.22s, ΔVmax: 6.1 km/h).
[CarVerification] (47/110) verifying 2012 Eagle Speedster ('12)...
[CarVerification] 2012 Eagle Speedster ('12) verified (Δ0-100: 0.59s, ΔVmax: 48.3 km/h).
[CarVerification] (48/110) verifying 2018 Exomotive Exocet Sport ('18)...
[CarVerification] 2018 Exomotive Exocet Sport ('18) verified (Δ0-100: 1.37s, ΔVmax: 1.3 km/h).
[CarVerification] (49/110) verifying 1962 Ferrari 250 GTO ('62)...
[CarVerification] 1962 Ferrari 250 GTO ('62) verified (Δ0-100: 0.17s, ΔVmax: 80.4 km/h).
[CarVerification] (50/110) verifying 1987 Ferrari F40 ('87)...
[CarVerification] 1987 Ferrari F40 ('87) verified (Δ0-100: 0.30s, ΔVmax: 74.3 km/h).
[CarVerification] (51/110) verifying 2002 Ferrari Enzo Ferrari ('02)...
[CarVerification] 2002 Ferrari Enzo Ferrari ('02) verified (Δ0-100: 0.16s, ΔVmax: 88.1 km/h).
[CarVerification] (52/110) verifying 2013 Ferrari LaFerrari ('13)...
[CarVerification] 2013 Ferrari LaFerrari ('13) verified (Δ0-100: 0.88s, ΔVmax: 65.1 km/h).
[CarVerification] (53/110) verifying 2015 Ferrari FXX K ('15)...
[CarVerification] 2015 Ferrari FXX K ('15) verified (Δ0-100: 0.72s, ΔVmax: 65.1 km/h).
[CarVerification] (54/110) verifying 2010 Ferrari 599 GTO ('10)...
[CarVerification] 2010 Ferrari 599 GTO ('10) verified (Δ0-100: 0.96s, ΔVmax: 71.8 km/h).
[CarVerification] (55/110) verifying 2018 Ferrari 488 Pista ('18)...
[CarVerification] 2018 Ferrari 488 Pista ('18) verified (Δ0-100: 0.80s, ΔVmax: 93.6 km/h).
[CarVerification] (56/110) verifying 2020 Ford Mustang GT (Performance Pack (10R80))...
[CarVerification] 2020 Ford Mustang GT (Performance Pack (10R80)) verified (Δ0-100: 1.04s, ΔVmax: 9.0 km/h).
[CarVerification] (57/110) verifying 2025 Ford Mustang GTD ('25)...
[CarVerification] 2025 Ford Mustang GTD ('25) verified (Δ0-100: 1.11s, ΔVmax: 48.7 km/h).
[CarVerification] (58/110) verifying 2021 Hennessey Venom F5 ('21)...
[CarVerification] 2021 Hennessey Venom F5 ('21) verified (Δ0-100: 0.68s, ΔVmax: 95.6 km/h).
[CarVerification] (59/110) verifying 2021 Honda Civic Type R (FK8)...
[CarVerification] 2021 Honda Civic Type R (FK8) verified (Δ0-100: 0.47s, ΔVmax: 6.4 km/h).
[CarVerification] (60/110) verifying 2022 Hummer EV Pickup ('22)...
[CarVerification] 2022 Hummer EV Pickup ('22) verified (Δ0-100: 11.50s, ΔVmax: 86.8 km/h).
[CarVerification] (61/110) verifying 2019 Hyundai Veloster (N '19)...
[CarVerification] 2019 Hyundai Veloster (N '19) verified (Δ0-100: 0.00s, ΔVmax: 17.5 km/h).
[CarVerification] (62/110) verifying 1993 Jaguar XJ220 ('93)...
[CarVerification] 1993 Jaguar XJ220 ('93) verified (Δ0-100: 0.75s, ΔVmax: 38.1 km/h).
[CarVerification] (63/110) verifying 1961 Jaguar E-Type ('61)...
[CarVerification] 1961 Jaguar E-Type ('61) verified (Δ0-100: 0.77s, ΔVmax: 65.3 km/h).
[CarVerification] (64/110) verifying 2012 Jaguar XKR-S ('12)...
[CarVerification] 2012 Jaguar XKR-S ('12) verified (Δ0-100: 1.31s, ΔVmax: 11.4 km/h).
[CarVerification] (65/110) verifying 2020 Jeep Gladiator (Rubicon '20)...
[CarVerification] 2020 Jeep Gladiator (Rubicon '20) verified (Δ0-100: 0.18s, ΔVmax: 2.5 km/h).
[CarVerification] (66/110) verifying 2008 Koenigsegg CCGT ('08)...
[CarVerification] 2008 Koenigsegg CCGT ('08) verified (Δ0-100: 0.29s, ΔVmax: 78.1 km/h).
[CarVerification] (67/110) verifying 2020 Koenigsegg Jesko ('20)...
[CarVerification] 2020 Koenigsegg Jesko ('20) verified (Δ0-100: 0.67s, ΔVmax: 73.6 km/h).
[CarVerification] (68/110) verifying 2014 Koenigsegg One:1 ('14)...
[CarVerification] 2014 Koenigsegg One:1 ('14) verified (Δ0-100: 0.78s, ΔVmax: 147.7 km/h).
[CarVerification] (69/110) verifying 2018 Lamborghini Huracán (Performante '18)...
[CarVerification] 2018 Lamborghini Huracán (Performante '18) verified (Δ0-100: 1.98s, ΔVmax: 4.8 km/h).
[CarVerification] (70/110) verifying 2020 Lamborghini Huracán EVO (AWD Coupe)...
[CarVerification] 2020 Lamborghini Huracán EVO (AWD Coupe) verified (Δ0-100: 2.85s, ΔVmax: 0.6 km/h).
[CarVerification] (71/110) verifying 2011 Lamborghini Sesto Elemento ('11)...
[CarVerification] 2011 Lamborghini Sesto Elemento ('11) verified (Δ0-100: 1.32s, ΔVmax: 25.9 km/h).
[CarVerification] (72/110) verifying 2014 Lamborghini Huracán (LP 610-4 '14)...
[CarVerification] 2014 Lamborghini Huracán (LP 610-4 '14) verified (Δ0-100: 0.75s, ΔVmax: 9.8 km/h).
[CarVerification] (73/110) verifying 2012 Lamborghini Aventador (LP 700-4 '12)...
[CarVerification] 2012 Lamborghini Aventador (LP 700-4 '12) verified (Δ0-100: 1.36s, ΔVmax: 14.5 km/h).
[CarVerification] (74/110) verifying 2020 Lamborghini Sián (FKP 37 '20)...
[CarVerification] 2020 Lamborghini Sián (FKP 37 '20) verified (Δ0-100: 1.08s, ΔVmax: 14.3 km/h).
[CarVerification] (75/110) verifying 1988 Lamborghini Countach (LP5000 QV '88)...
[CarVerification] 1988 Lamborghini Countach (LP5000 QV '88) verified (Δ0-100: 0.13s, ΔVmax: 38.4 km/h).
[CarVerification] (76/110) verifying 1999 Lamborghini Diablo (GTR '99)...
[CarVerification] 1999 Lamborghini Diablo (GTR '99) verified (Δ0-100: 1.19s, ΔVmax: 14.0 km/h).
[CarVerification] (77/110) verifying 2015 Lexus RC F ('15)...
[CarVerification] 2015 Lexus RC F ('15) verified (Δ0-100: 1.83s, ΔVmax: 9.8 km/h).
[CarVerification] (78/110) verifying 2014 Local Motors Rally Fighter ('14)...
[CarVerification] 2014 Local Motors Rally Fighter ('14) verified (Δ0-100: 1.51s, ΔVmax: 17.4 km/h).
[CarVerification] (79/110) verifying 1981 Lola #6 T600 HU1 (Brabham '81)...
[CarVerification] 1981 Lola #6 T600 HU1 (Brabham '81) verified (Δ0-100: 0.05s, ΔVmax: 89.1 km/h).
[CarVerification] (80/110) verifying 1997 Lotus Elise GT1 ('97)...
[CarVerification] 1997 Lotus Elise GT1 ('97) verified (Δ0-100: 0.11s, ΔVmax: 85.7 km/h).
[CarVerification] (81/110) verifying 2004 Maserati MC12 ('04)...
[CarVerification] 2004 Maserati MC12 ('04) verified (Δ0-100: 0.27s, ΔVmax: 10.1 km/h).
[CarVerification] (82/110) verifying 1994 Mazda MX-5 Miata ('94)...
[CarVerification] 1994 Mazda MX-5 Miata ('94) verified (Δ0-100: 0.09s, ΔVmax: 4.5 km/h).
[CarVerification] (83/110) verifying 2002 Mazda RX-7 (Spirit R '02)...
[CarVerification] 2002 Mazda RX-7 (Spirit R '02) verified (Δ0-100: 1.57s, ΔVmax: 9.8 km/h).
[CarVerification] (84/110) verifying 2018 McLaren Senna ('18)...
[CarVerification] 2018 McLaren Senna ('18) verified (Δ0-100: 0.39s, ΔVmax: 9.8 km/h).
[CarVerification] (85/110) verifying 2013 McLaren P1 ('13)...
[CarVerification] 2013 McLaren P1 ('13) verified (Δ0-100: 0.71s, ΔVmax: 38.3 km/h).
[CarVerification] (86/110) verifying 2022 Mercedes-AMG ONE ('22)...
[CarVerification] 2022 Mercedes-AMG ONE ('22) verified (Δ0-100: 0.23s, ΔVmax: 9.2 km/h).
[CarVerification] (87/110) verifying 2017 Mercedes-Benz AMG GT R ('17)...
[CarVerification] 2017 Mercedes-Benz AMG GT R ('17) verified (Δ0-100: 0.22s, ΔVmax: 79.3 km/h).
[CarVerification] (88/110) verifying 1986 MG Metro 6R4 ('86)...
[CarVerification] 1986 MG Metro 6R4 ('86) verified (Δ0-100: 0.46s, ΔVmax: 9.3 km/h).
[CarVerification] (89/110) verifying 1965 Mini Cooper S ('65)...
[CarVerification] 1965 Mini Cooper S ('65) verified (Δ0-100: 2.07s, ΔVmax: 28.4 km/h).
[CarVerification] (90/110) verifying 2008 Mitsubishi Lancer Evolution X (GSR '08)...
[CarVerification] 2008 Mitsubishi Lancer Evolution X (GSR '08) verified (Δ0-100: 0.97s, ΔVmax: 4.4 km/h).
[CarVerification] (91/110) verifying 1990 Nissan Pulsar (GTi-R '90)...
[CarVerification] 1990 Nissan Pulsar (GTi-R '90) verified (Δ0-100: 0.01s, ΔVmax: 5.0 km/h).
[CarVerification] (92/110) verifying 2002 Nissan Skyline GT-R (V-Spec II '02)...
[CarVerification] 2002 Nissan Skyline GT-R (V-Spec II '02) verified (Δ0-100: 2.99s, ΔVmax: 18.6 km/h).
[CarVerification] (93/110) verifying 2017 Nissan GT-R (Black Edition '17)...
[CarVerification] 2017 Nissan GT-R (Black Edition '17) verified (Δ0-100: 1.87s, ΔVmax: 34.2 km/h).
[CarVerification] (94/110) verifying 2019 Nissan GT-R (Nismo)...
[CarVerification] 2019 Nissan GT-R (Nismo) verified (Δ0-100: 1.85s, ΔVmax: 48.7 km/h).
[CarVerification] (95/110) verifying 2016 Pagani Huayra (BC '16)...
[CarVerification] 2016 Pagani Huayra (BC '16) verified (Δ0-100: 0.53s, ΔVmax: 113.3 km/h).
[CarVerification] (96/110) verifying 1984 Peugeot 205 T16 (Evo 2 '84)...
[CarVerification] 1984 Peugeot 205 T16 (Evo 2 '84) verified (Δ0-100: 1.27s, ΔVmax: 9.3 km/h).
[CarVerification] (97/110) verifying 1998 Porsche 911 GT1 (Straßenversion '98)...
[CarVerification] 1998 Porsche 911 GT1 (Straßenversion '98) verified (Δ0-100: 0.35s, ΔVmax: 3.3 km/h).
[CarVerification] (98/110) verifying 2014 Porsche 918 Spyder ('14)...
[CarVerification] 2014 Porsche 918 Spyder ('14) verified (Δ0-100: 0.00s, ΔVmax: 10.3 km/h).
[CarVerification] (99/110) verifying 1986 Porsche 959 ('86)...
[CarVerification] 1986 Porsche 959 ('86) verified (Δ0-100: 1.50s, ΔVmax: 64.9 km/h).
[CarVerification] (100/110) verifying 2022 Porsche 911 GT3 (992 PDK)...
[CarVerification] 2022 Porsche 911 GT3 (992 PDK) verified (Δ0-100: 0.06s, ΔVmax: 7.1 km/h).
[CarVerification] (101/110) verifying 2017 Radical SRX ('17)...
[CarVerification] 2017 Radical SRX ('17) verified (Δ0-100: 0.21s, ΔVmax: 0.8 km/h).
[CarVerification] (102/110) verifying 2003 Renault Clio V6 ('03)...
[CarVerification] 2003 Renault Clio V6 ('03) verified (Δ0-100: 0.70s, ΔVmax: 13.4 km/h).
[CarVerification] (103/110) verifying 2021 Rimac Nevera ('21)...
[CarVerification] 2021 Rimac Nevera ('21) verified (Δ0-100: 13.10s, ΔVmax: 124.4 km/h).
[CarVerification] (104/110) verifying 2015 Subaru WRX STI ('15)...
[CarVerification] 2015 Subaru WRX STI ('15) verified (Δ0-100: 0.94s, ΔVmax: 8.3 km/h).
[CarVerification] (105/110) verifying 2019 Subaru WRX STI (S209)...
[CarVerification] 2019 Subaru WRX STI (S209) verified (Δ0-100: 0.60s, ΔVmax: 1.9 km/h).
[CarVerification] (106/110) verifying 2021 Toyota GR Supra (3.0 Premium)...
[CarVerification] 2021 Toyota GR Supra (3.0 Premium) verified (Δ0-100: 1.55s, ΔVmax: 9.9 km/h).
[CarVerification] (107/110) verifying 1998 Toyota Supra (RZ '98)...
[CarVerification] 1998 Toyota Supra (RZ '98) verified (Δ0-100: 3.67s, ΔVmax: 19.6 km/h).
[CarVerification] (108/110) verifying 2020 Toyota GR Supra ('20)...
[CarVerification] 2020 Toyota GR Supra ('20) verified (Δ0-100: 1.41s, ΔVmax: 8.8 km/h).
[CarVerification] (109/110) verifying 2015 Ultima Evolution Coupe (1020 '15)...
[CarVerification] 2015 Ultima Evolution Coupe (1020 '15) verified (Δ0-100: 1.22s, ΔVmax: 105.4 km/h).
[CarVerification] (110/110) verifying 2019 Zenvo TSR-S ('19)...
[CarVerification] 2019 Zenvo TSR-S ('19) verified (Δ0-100: 0.66s, ΔVmax: 45.9 km/h).

Calibration summary
===================
Verified records stored: 110
Vehicles pending verification: 0
All catalog vehicles verified.
